Aug-08 10:09:20.274 [main] DEBUG nextflow.cli.Launcher - $> nextflow run epi2me-labs/wf-transcriptomes --de_analysis --direct_rna --fastq SRR516252.fastq,SRR516253.fastq --ref_annotation genomic.gtf --ref_genome Musa_acuminata.Musa_acuminata_v2.dna.toplevel.fasta --sample_sheet transcriptome_musa.csv -profile standard
Aug-08 10:09:20.399 [main] INFO  nextflow.cli.CmdRun - N E X T F L O W  ~  version 23.10.1
Aug-08 10:09:20.420 [main] DEBUG nextflow.plugin.PluginsFacade - Setting up plugin manager > mode=prod; embedded=false; plugins-dir=/home/jpramosg/.nextflow/plugins; core-plugins: nf-amazon@2.1.4,nf-azure@1.3.3,nf-cloudcache@0.3.0,nf-codecommit@0.1.5,nf-console@1.0.6,nf-ga4gh@1.1.0,nf-google@1.8.3,nf-tower@1.6.3,nf-wave@1.0.1
Aug-08 10:09:20.431 [main] INFO  o.pf4j.DefaultPluginStatusProvider - Enabled plugins: []
Aug-08 10:09:20.432 [main] INFO  o.pf4j.DefaultPluginStatusProvider - Disabled plugins: []
Aug-08 10:09:20.437 [main] INFO  org.pf4j.DefaultPluginManager - PF4J version 3.4.1 in 'deployment' mode
Aug-08 10:09:20.447 [main] INFO  org.pf4j.AbstractPluginManager - No plugins
Aug-08 10:09:20.463 [main] DEBUG nextflow.scm.ProviderConfig - Using SCM config path: /home/jpramosg/.nextflow/scm
Aug-08 10:09:21.458 [main] DEBUG nextflow.scm.AssetManager - Git config: /home/jpramosg/.nextflow/assets/epi2me-labs/wf-transcriptomes/.git/config; branch: master; remote: origin; url: https://github.com/epi2me-labs/wf-transcriptomes.git
Aug-08 10:09:21.480 [main] DEBUG nextflow.scm.RepositoryFactory - Found Git repository result: [RepositoryFactory]
Aug-08 10:09:21.489 [main] DEBUG nextflow.scm.AssetManager - Git config: /home/jpramosg/.nextflow/assets/epi2me-labs/wf-transcriptomes/.git/config; branch: master; remote: origin; url: https://github.com/epi2me-labs/wf-transcriptomes.git
Aug-08 10:09:23.098 [main] INFO  nextflow.scm.AssetManager - NOTE: Your local project version looks outdated - a different revision is available in the remote repository [7287fdcdb1]
Aug-08 10:09:23.110 [main] DEBUG nextflow.config.ConfigBuilder - Found config base: /home/jpramosg/.nextflow/assets/epi2me-labs/wf-transcriptomes/nextflow.config
Aug-08 10:09:23.111 [main] DEBUG nextflow.config.ConfigBuilder - Found config local: /home/jpramosg/Desktop/git_hub_repositories/ONT-data-analysis/nextflow.config
Aug-08 10:09:23.112 [main] DEBUG nextflow.config.ConfigBuilder - Parsing config file: /home/jpramosg/.nextflow/assets/epi2me-labs/wf-transcriptomes/nextflow.config
Aug-08 10:09:23.112 [main] DEBUG nextflow.config.ConfigBuilder - Parsing config file: /home/jpramosg/Desktop/git_hub_repositories/ONT-data-analysis/nextflow.config
Aug-08 10:09:23.129 [main] DEBUG nextflow.config.ConfigBuilder - Applying config profile: `standard`
Aug-08 10:09:23.321 [main] DEBUG nextflow.config.ConfigBuilder - Applying config profile: `standard`
Aug-08 10:09:23.389 [main] DEBUG nextflow.cli.CmdRun - Applied DSL=2 from script declararion
Aug-08 10:09:23.390 [main] INFO  nextflow.cli.CmdRun - Launching `https://github.com/epi2me-labs/wf-transcriptomes` [furious_avogadro] DSL2 - revision: f01006c302 [master]
Aug-08 10:09:23.390 [main] DEBUG nextflow.plugin.PluginsFacade - Plugins default=[]
Aug-08 10:09:23.390 [main] DEBUG nextflow.plugin.PluginsFacade - Plugins resolved requirement=[]
Aug-08 10:09:23.393 [main] DEBUG n.secret.LocalSecretsProvider - Secrets store: /home/jpramosg/.nextflow/secrets/store.json
Aug-08 10:09:23.396 [main] DEBUG nextflow.secret.SecretsLoader - Discovered secrets providers: [nextflow.secret.LocalSecretsProvider@37e0056e] - activable => nextflow.secret.LocalSecretsProvider@37e0056e
Aug-08 10:09:23.458 [main] DEBUG nextflow.Session - Session UUID: 2163448f-b72c-4e7e-91da-8f5486f37db0
Aug-08 10:09:23.458 [main] DEBUG nextflow.Session - Run name: furious_avogadro
Aug-08 10:09:23.459 [main] DEBUG nextflow.Session - Executor pool size: 16
Aug-08 10:09:23.467 [main] DEBUG nextflow.file.FilePorter - File porter settings maxRetries=3; maxTransfers=50; pollTimeout=null
Aug-08 10:09:23.472 [main] DEBUG nextflow.util.ThreadPoolBuilder - Creating thread pool 'FileTransfer' minSize=10; maxSize=48; workQueue=LinkedBlockingQueue[10000]; allowCoreThreadTimeout=false
Aug-08 10:09:23.492 [main] DEBUG nextflow.cli.CmdRun - 
  Version: 23.10.1 build 5891
  Created: 12-01-2024 22:01 UTC (17:01 ECST)
  System: Linux 6.9.12-100.fc39.x86_64
  Runtime: Groovy 3.0.19 on OpenJDK 64-Bit Server VM 17.0.12+7
  Encoding: UTF-8 (UTF-8)
  Process: 10171@fedora [192.168.1.23]
  CPUs: 16 - Mem: 15.2 GB (3.4 GB) - Swap: 8 GB (8 GB)
Aug-08 10:09:23.508 [main] DEBUG nextflow.Session - Work-dir: /home/jpramosg/Desktop/git_hub_repositories/ONT-data-analysis/work [btrfs]
Aug-08 10:09:23.525 [main] DEBUG nextflow.executor.ExecutorFactory - Extension executors providers=[]
Aug-08 10:09:23.536 [main] DEBUG nextflow.Session - Observer factory: DefaultObserverFactory
Aug-08 10:09:23.619 [main] DEBUG nextflow.cache.CacheFactory - Using Nextflow cache factory: nextflow.cache.DefaultCacheFactory
Aug-08 10:09:23.638 [main] DEBUG nextflow.util.CustomThreadPool - Creating default thread pool > poolSize: 17; maxThreads: 1000
Aug-08 10:09:23.748 [main] DEBUG nextflow.Session - Session start
Aug-08 10:09:23.754 [main] DEBUG nextflow.trace.TraceFileObserver - Workflow started -- trace file: /home/jpramosg/Desktop/git_hub_repositories/ONT-data-analysis/output/execution/trace.txt
Aug-08 10:09:23.763 [main] DEBUG nextflow.Session - Using default localLib path: /home/jpramosg/.nextflow/assets/epi2me-labs/wf-transcriptomes/lib
Aug-08 10:09:23.767 [main] DEBUG nextflow.Session - Adding to the classpath library: /home/jpramosg/.nextflow/assets/epi2me-labs/wf-transcriptomes/lib
Aug-08 10:09:23.768 [main] DEBUG nextflow.Session - Adding to the classpath library: /home/jpramosg/.nextflow/assets/epi2me-labs/wf-transcriptomes/lib/nfcore_external_java_deps.jar
Aug-08 10:09:26.407 [main] DEBUG nextflow.script.ScriptRunner - > Launching execution
Aug-08 10:09:28.487 [main] INFO  nextflow.Nextflow - 
[0;92m||||||||||   [0m[2m_____ ____ ___ ____  __  __ _____      _       _
[0;92m||||||||||  [0m[2m| ____|  _ \_ _|___ \|  \/  | ____|    | | __ _| |__  ___
[0;33m|||||       [0m[2m|  _| | |_) | |  __) | |\/| |  _| _____| |/ _` | '_ \/ __|
[0;33m|||||       [0m[2m| |___|  __/| | / __/| |  | | |__|_____| | (_| | |_) \__ \
[0;94m||||||||||  [0m[2m|_____|_|  |___|_____|_|  |_|_____|    |_|\__,_|_.__/|___/
[0;94m||||||||||  [0m[1mwf-transcriptomes v1.2.1-gf01006c[0m
[2m--------------------------------------------------------------------------------[0m
[1mCore Nextflow options[0m
  [0;34mrevision       : [0;32mmaster[0m
  [0;34mrunName        : [0;32mfurious_avogadro[0m
  [0;34mcontainerEngine: [0;32mdocker[0m
  [0;34mcontainer      : [0;32m[withLabel:isoforms:ontresearch/wf-transcriptomes:shae7c9f184996a384e99be68e790f0612f0c732867, withLabel:wf_common:ontresearch/wf-common:sha8b5843d549bb210558cbb676fe537a153ce771d6][0m
  [0;34mlaunchDir      : [0;32m/home/jpramosg/Desktop/git_hub_repositories/ONT-data-analysis[0m
  [0;34mworkDir        : [0;32m/home/jpramosg/Desktop/git_hub_repositories/ONT-data-analysis/work[0m
  [0;34mprojectDir     : [0;32m/home/jpramosg/.nextflow/assets/epi2me-labs/wf-transcriptomes[0m
  [0;34muserName       : [0;32mjpramosg[0m
  [0;34mprofile        : [0;32mstandard[0m
  [0;34mconfigFiles    : [0;32m/home/jpramosg/.nextflow/assets/epi2me-labs/wf-transcriptomes/nextflow.config, /home/jpramosg/Desktop/git_hub_repositories/ONT-data-analysis/nextflow.config[0m

[1mInput Options[0m
  [0;34mfastq          : [0;32mSRR516252.fastq,SRR516253.fastq[0m
  [0;34mref_genome     : [0;32mMusa_acuminata.Musa_acuminata_v2.dna.toplevel.fasta[0m
  [0;34mref_annotation : [0;32mgenomic.gtf[0m
  [0;34mdirect_rna     : [0;32mtrue[0m

[1mSample Options[0m
  [0;34msample_sheet   : [0;32mtranscriptome_musa.csv[0m

[1mDifferential Expression Options[0m
  [0;34mde_analysis    : [0;32mtrue[0m

!! Only displaying parameters that differ from the pipeline defaults !!
[2m--------------------------------------------------------------------------------[0m
If you use epi2me-labs/wf-transcriptomes for your analysis please cite:

* The nf-core framework
  https://doi.org/10.1038/s41587-020-0439-x


[2m--------------------------------------------------------------------------------[0m
This is epi2me-labs/wf-transcriptomes v1.2.1-gf01006c.
[2m--------------------------------------------------------------------------------[0m
Aug-08 10:09:29.555 [main] DEBUG nextflow.script.ScriptRunner - Parsed script files:
  Script_94cffba94d562b0d: /home/jpramosg/.nextflow/assets/epi2me-labs/wf-transcriptomes/main.nf
  Script_63f5f4d1f2898b27: /home/jpramosg/.nextflow/assets/epi2me-labs/wf-transcriptomes/./lib/ingress.nf
  Script_6c9ad54f8f06decd: /home/jpramosg/.nextflow/assets/epi2me-labs/wf-transcriptomes/./subworkflows/reference_assembly.nf
  Script_b280fdb3f732bae1: /home/jpramosg/.nextflow/assets/epi2me-labs/wf-transcriptomes/./subworkflows/differential_expression.nf
  Script_d927ea3c6e666b45: /home/jpramosg/.nextflow/assets/epi2me-labs/wf-transcriptomes/./subworkflows/JAFFAL/gene_fusions.nf
Aug-08 10:09:29.555 [main] DEBUG nextflow.Session - Session aborted -- Cause: --ref_annotation: File doesn't exist, check path.
Aug-08 10:09:29.841 [main] ERROR nextflow.cli.Launcher - @unknown
java.lang.Exception: --ref_annotation: File doesn't exist, check path.
	at java.base/jdk.internal.reflect.NativeConstructorAccessorImpl.newInstance0(Native Method)
	at java.base/jdk.internal.reflect.NativeConstructorAccessorImpl.newInstance(NativeConstructorAccessorImpl.java:77)
	at java.base/jdk.internal.reflect.DelegatingConstructorAccessorImpl.newInstance(DelegatingConstructorAccessorImpl.java:45)
	at java.base/java.lang.reflect.Constructor.newInstanceWithCaller(Constructor.java:500)
	at java.base/java.lang.reflect.Constructor.newInstance(Constructor.java:481)
	at org.codehaus.groovy.reflection.CachedConstructor.invoke(CachedConstructor.java:72)
	at org.codehaus.groovy.runtime.callsite.ConstructorSite$ConstructorSiteNoUnwrapNoCoerce.callConstructor(ConstructorSite.java:105)
	at org.codehaus.groovy.runtime.callsite.CallSiteArray.defaultCallConstructor(CallSiteArray.java:59)
	at org.codehaus.groovy.runtime.callsite.AbstractCallSite.callConstructor(AbstractCallSite.java:263)
	at org.codehaus.groovy.runtime.callsite.AbstractCallSite.callConstructor(AbstractCallSite.java:277)
	at Script_94cffba94d562b0d$_runScript_closure21$_closure81.doCall(Script_94cffba94d562b0d:826)
	at java.base/jdk.internal.reflect.NativeMethodAccessorImpl.invoke0(Native Method)
	at java.base/jdk.internal.reflect.NativeMethodAccessorImpl.invoke(NativeMethodAccessorImpl.java:77)
	at java.base/jdk.internal.reflect.DelegatingMethodAccessorImpl.invoke(DelegatingMethodAccessorImpl.java:43)
	at java.base/java.lang.reflect.Method.invoke(Method.java:569)
	at org.codehaus.groovy.reflection.CachedMethod.invoke(CachedMethod.java:107)
	at groovy.lang.MetaMethod.doMethodInvoke(MetaMethod.java:323)
	at org.codehaus.groovy.runtime.metaclass.ClosureMetaClass.invokeMethod(ClosureMetaClass.java:274)
	at groovy.lang.MetaClassImpl.invokeMethod(MetaClassImpl.java:1030)
	at groovy.lang.Closure.call(Closure.java:427)
	at groovy.lang.Closure.call(Closure.java:406)
	at nextflow.script.WorkflowDef.run0(WorkflowDef.groovy:204)
	at nextflow.script.WorkflowDef.run(WorkflowDef.groovy:188)
	at nextflow.script.BindableDef.invoke_a(BindableDef.groovy:51)
	at nextflow.script.IterableDef$invoke_a.call(Unknown Source)
	at org.codehaus.groovy.runtime.callsite.CallSiteArray.defaultCall(CallSiteArray.java:47)
	at org.codehaus.groovy.runtime.callsite.AbstractCallSite.call(AbstractCallSite.java:125)
	at org.codehaus.groovy.runtime.callsite.AbstractCallSite.call(AbstractCallSite.java:139)
	at nextflow.script.BaseScript.run0(BaseScript.groovy:183)
	at nextflow.script.BaseScript.run(BaseScript.groovy:192)
	at nextflow.script.ScriptParser.runScript(ScriptParser.groovy:236)
	at nextflow.script.ScriptRunner.run(ScriptRunner.groovy:242)
	at nextflow.script.ScriptRunner.execute(ScriptRunner.groovy:137)
	at nextflow.cli.CmdRun.run(CmdRun.groovy:372)
	at nextflow.cli.Launcher.run(Launcher.groovy:500)
	at nextflow.cli.Launcher.main(Launcher.groovy:672)
